Arguments: 
  C:\Program Files\nodejs\node.exe C:\Users\tduralek\AppData\Roaming\npm\node_modules\yarn\bin\yarn.js run storybook

PATH: 
  C:\Program Files\Microsoft\jdk-11.0.12.7-hotspot\bin;C:\Python310\Scripts\;C:\Python310\;C:\Program Files (x86)\Common Files\Oracle\Java\javapath;C:\Program Files (x86)\CollabNet\Subversion Client;C:\Program Files (x86)\Embarcadero\RAD Studio\8.0\bin;C:\Users\tdura\OneDrive\Dokumenty\RAD Studio\8.0\Bpl;C:\Windows\system32;C:\Windows;C:\Windows\System32\Wbem;C:\Windows\System32\WindowsPowerShell\v1.0\;C:\Windows\System32\OpenSSH\;C:\ProgramData\chocolatey\bin;C:\Program Files\OpenSSL\bin;C:\Program Files (x86)\NTP\bin;C:\Program Files\Microsoft SQL Server\Client SDK\ODBC\130\Tools\Binn\;C:\Program Files (x86)\Microsoft SQL Server\130\Tools\Binn\;C:\Program Files\Microsoft SQL Server\130\Tools\Binn\;C:\Program Files\Microsoft SQL Server\130\DTS\Binn\;C:\Program Files\NVIDIA Corporation\NVIDIA NvDLISR;C:\Program Files (x86)\NVIDIA Corporation\PhysX\Common;C:\Program Files\Microsoft SQL Server\150\Tools\Binn\;C:\Program Files\Microsoft SQL Server\Client SDK\ODBC\170\Tools\Binn\;C:\Program Files\Neovim\/bin;C:\Program Files (x86)\dotnet\;C:\WINDOWS\system32;C:\WINDOWS;C:\WINDOWS\System32\Wbem;C:\WINDOWS\System32\WindowsPowerShell\v1.0\;C:\WINDOWS\System32\OpenSSH\;C:\Program Files\dotnet\;C:\Users\tduralek\AppData\Roaming\nvm;C:\Program Files\nodejs;C:\Program Files\Git\cmd;C:\Program Files\Microchip\xc8\v2.36\bin;C:\Gradle\gradle-8.1.1\bin;C:\Program Files\nodejs\;C:\Users\tduralek\.console-ninja\.bin;C:\Users\Public\Documents\RAD Studio\8.0\Bpl;C:\Users\tduralek\AppData\Local\Microsoft\WindowsApps;C:\Users\tduralek\AppData\Local\Programs\Microsoft VS Code\bin;C:\Users\tduralek\Documents\flutter\bin;C:\Users\tduralek\AppData\Local\inkdrop\bin;C:\Users\tduralek\AppData\Local\GitHubDesktop\bin;C:\Program Files (x86)\Nmap;C:\Users\tduralek\AppData\Local\Programs\mongosh\;C:\Program Files\LibreOffice\program;C:\Users\tduralek\AppData\Local\Microsoft\WindowsApps;C:\Users\tduralek\.dotnet\tools;C:\Users\tduralek\AppData\Local\Android\Sdk\platform-tools;C:\Users\tduralek\AppData\Roaming\npm

Yarn version: 
  1.22.19

Node version: 
  18.16.0

Platform: 
  win32 x64

Trace: 
  SyntaxError: C:\Users\tduralek\Nextcloud\Praca\dom\gps\ui\package.json: Unexpected token { in JSON at position 294
      at JSON.parse (<anonymous>)
      at C:\Users\tduralek\AppData\Roaming\npm\node_modules\yarn\lib\cli.js:1629:59
      at Generator.next (<anonymous>)
      at step (C:\Users\tduralek\AppData\Roaming\npm\node_modules\yarn\lib\cli.js:310:30)
      at C:\Users\tduralek\AppData\Roaming\npm\node_modules\yarn\lib\cli.js:321:13

npm manifest: 
  {
    "name": "@blogwebpl/ui",
    "version": "0.0.77",
    "description": "",
    "main": "./dist/cjs/index.js",
    "module": "./dist/esm/index.js",
    "types": "./dist/esm/index.d.ts",
    "author": {
      "name": "Tomasz Durałek"
    },
    "keywords": [],
    "license": "ISC",
    "files": [
      "dist"
    ],
    {
      "type": "module"
    },  
    "repository": {
      "type": "git",
      "url": "git+https://github.com/blogwebpl/ui.git"
    },
    "scripts": {
      "test": "echo \"Error: no test specified\" && exit 1",
      "storybook": "storybook dev -p 6006",
      "build-storybook": "storybook build",
      "build": "npm run build:esm && npm run build:cjs",
      "build:esm": "tsc",
      "build:cjs": "tsc --module commonjs --outDir dist/cjs"
    },
    "devDependencies": {
      "@babel/core": "^7.22.10",
      "@babel/preset-env": "^7.22.10",
      "@babel/preset-react": "^7.22.5",
      "@babel/preset-typescript": "^7.22.5",
      "@react-theming/storybook-addon": "^1.1.10",
      "@storybook/addon-a11y": "^7.2.1",
      "@storybook/addon-actions": "^7.2.1",
      "@storybook/addon-essentials": "^7.2.1",
      "@storybook/addon-interactions": "^7.2.1",
      "@storybook/addon-links": "^7.2.1",
      "@storybook/addon-styling": "^1.3.5",
      "@storybook/client-api": "^7.2.1",
      "@storybook/react": "^7.2.1",
      "@storybook/react-webpack5": "^7.2.1",
      "@storybook/testing-library": "^0.2.0",
      "@total-typescript/ts-reset": "^0.4.2",
      "@types/react": "^18.2.19",
      "@types/styled-components": "^5.1.26",
      "@typescript-eslint/eslint-plugin": "^6.3.0",
      "@typescript-eslint/parser": "^6.3.0",
      "babel-loader": "^9.1.3",
      "eslint": "^8.46.0",
      "eslint-config-airbnb": "^19.0.4",
      "eslint-config-airbnb-typescript": "^17.1.0",
      "eslint-config-prettier": "^9.0.0",
      "eslint-config-standard-with-typescript": "^37.0.0",
      "eslint-plugin-import": "^2.28.0",
      "eslint-plugin-jsx-a11y": "^6.7.1",
      "eslint-plugin-n": "^16.0.1",
      "eslint-plugin-prettier": "^5.0.0",
      "eslint-plugin-promise": "^6.1.1",
      "eslint-plugin-react": "^7.33.1",
      "eslint-plugin-react-hooks": "^4.6.0",
      "prettier": "^3.0.1",
      "react": "^18.2.0",
      "react-dom": "^18.2.0",
      "react-icons": "^4.10.1",
      "react-router-dom": "^6.14.2",
      "react-select": "^5.7.4",
      "storybook": "^7.2.1",
      "styled-components": "^6.0.7",
      "typescript": "^5.1.6"
    },
    "peerDependencies": {
      "react": ">=18",
      "react-dom": ">=18",
      "react-icons": ">=4.10.0",
      "react-router-dom": ">=6.14.0",
      "react-select": ">=5.7.3",
      "styled-components": ">=5.3.11"
    },
    "bugs": {
      "url": "https://github.com/blogwebpl/ui/issues"
    },
    "readme": "ERROR: No README data found!",
    "homepage": "https://github.com/blogwebpl/ui#readme",
    "_id": "@blogwebpl/ui@0.0.19",
    "dependencies": {
      "dayjs": "^1.11.9"
    }
  }

yarn manifest: 
  No manifest

Lockfile: 
  No lockfile
